#
# A fatal error has been detected by the Java Runtime Environment:
#
#  EXCEPTION_ACCESS_VIOLATION (0xc0000005) at pc=0x0000000051f5227e, pid=2508, tid=0x0000000000001d98
#
# JRE version: Java(TM) SE Runtime Environment (8.0_261-b12) (build 1.8.0_261-b12)
# Java VM: Java HotSpot(TM) 64-Bit Server VM (25.261-b12 mixed mode windows-amd64 compressed oops)
# Problematic frame:
# V  [jvm.dll+0x14227e]
#
# Failed to write core dump. Minidumps are not enabled by default on client versions of Windows
#
# If you would like to submit a bug report, please visit:
#   http://bugreport.java.com/bugreport/crash.jsp
#

---------------  T H R E A D  ---------------

Current thread (0x000001ac81150800):  JavaThread "*** Profiler Agent Communication Thread" daemon [_thread_in_vm, id=7576, stack(0x00000044f6600000,0x00000044f6700000)]

siginfo: ExceptionCode=0xc0000005, reading address 0xffffffff82e04980

Registers:
RAX=0x00000044f66fee01, RBX=0x000001ac81150800, RCX=0xffffffff82e04980, RDX=0x000001ac81150800
RSP=0x00000044f66fedf0, RBP=0xffffffff82e04980, RSI=0x000001acecfcec50, RDI=0x00000044f66fef10
R8 =0x00000044f66fef10, R9 =0xffffffff82e04980, R10=0x0000000000000000, R11=0x0000000000000201
R12=0x000001ac854352c0, R13=0x0000000000000223, R14=0x00007ff9e0399c68, R15=0x00007ff9e0399a60
RIP=0x0000000051f5227e, EFLAGS=0x0000000000010282

Top of Stack: (sp=0x00000044f66fedf0)
0x00000044f66fedf0:   00000003f66feea0 0000000051f7cae3
0x00000044f66fee00:   000001ac81150800 00000044f66fefb8
0x00000044f66fee10:   000001ac81150800 000000005215bd1d
0x00000044f66fee20:   0000000000005578 000001ac81150800
0x00000044f66fee30:   000001ac811509f8 00007ff9eab79da0
0x00000044f66fee40:   000001ac81150800 0000000000000000
0x00000044f66fee50:   000001ac00000000 0000000000000000
0x00000044f66fee60:   ffffffff82e04980 00007ff9e03934da
0x00000044f66fee70:   0000000000000000 000001ac811509f8
0x00000044f66fee80:   000001ac8061fb38 0000000000000039
0x00000044f66fee90:   000001ac854352c0 000001ac81150e00
0x00000044f66feea0:   000001ac807a44c0 000001ac81150800
0x00000044f66feeb0:   000001ac807a44c0 000001ac81150800
0x00000044f66feec0:   000001acee977dc0 000001ac8061fb38
0x00000044f66feed0:   000001ac81150800 000001ac807a44c0
0x00000044f66feee0:   0000000000000000 000001acee977dc0 

Instructions: (pc=0x0000000051f5227e)
0x0000000051f5225e:   cc cc 48 89 11 c3 cc cc cc cc cc cc cc cc cc cc
0x0000000051f5226e:   cc cc 40 53 48 83 ec 20 4c 8b c9 48 85 c9 74 50
0x0000000051f5227e:   48 8b 19 48 85 db 74 48 48 8b 43 08 48 8b 50 08
0x0000000051f5228e:   48 8b 42 18 48 85 c0 74 37 48 8b 80 90 00 00 00 


Register to memory mapping:

RAX=0x00000044f66fee01 is pointing into the stack for thread: 0x000001ac81150800
RBX=0x000001ac81150800 is a thread
RCX=0xffffffff82e04980 is an unknown value
RDX=0x000001ac81150800 is a thread
RSP=0x00000044f66fedf0 is pointing into the stack for thread: 0x000001ac81150800
RBP=0xffffffff82e04980 is an unknown value
RSI=0x000001acecfcec50 is an unknown value
RDI=0x00000044f66fef10 is pointing into the stack for thread: 0x000001ac81150800
R8 =0x00000044f66fef10 is pointing into the stack for thread: 0x000001ac81150800
R9 =0xffffffff82e04980 is an unknown value
R10=0x0000000000000000 is an unknown value
R11=0x0000000000000201 is an unknown value
R12=0x000001ac854352c0 is an unknown value
R13=0x0000000000000223 is an unknown value
R14=0x00007ff9e0399c68 is an unknown value
R15=0x00007ff9e0399a60 is an unknown value


Stack: [0x00000044f6600000,0x00000044f6700000],  sp=0x00000044f66fedf0,  free space=1019k
Native frames: (J=compiled Java code, j=interpreted, Vv=VM code, C=native code)
V  [jvm.dll+0x14227e]
V  [jvm.dll+0x34bd1d]
C  [profilerinterface.dll+0x34da]
C  0x000001acee9877ce

Java frames: (J=compiled Java code, j=interpreted, Vv=VM code)
j  org.netbeans.lib.profiler.server.system.Stacks.getMethodNamesForJMethodIds(I[I[I)[B+0
j  org.netbeans.lib.profiler.server.ProfilerInterface.getMethodNamesForJMethodIds([I)Lorg/netbeans/lib/profiler/wireprotocol/MethodNamesResponse;+20
j  org.netbeans.lib.profiler.server.ProfilerServer.handleClientCommand(Lorg/netbeans/lib/profiler/wireprotocol/Command;)V+691
j  org.netbeans.lib.profiler.server.ProfilerServer.listenToClient()V+48
j  org.netbeans.lib.profiler.server.ProfilerServer.run()V+22
v  ~StubRoutines::call_stub

---------------  P R O C E S S  ---------------

Java Threads: ( => current thread )
  0x000001ac82f5f000 JavaThread "D3D Screen Updater" daemon [_thread_blocked, id=10112, stack(0x00000044f7b00000,0x00000044f7c00000)]
  0x000001ac8301d800 JavaThread "AWT-EventQueue-0" [_thread_blocked, id=896, stack(0x00000044f7900000,0x00000044f7a00000)]
  0x000001ac823f1000 JavaThread "Image Fetcher 0" daemon [_thread_blocked, id=8972, stack(0x00000044f7200000,0x00000044f7300000)]
  0x000001ac821d6800 JavaThread "AWT-Windows" daemon [_thread_blocked, id=8408, stack(0x00000044f7100000,0x00000044f7200000)]
  0x000001ac821d5800 JavaThread "AWT-Shutdown" [_thread_blocked, id=9612, stack(0x00000044f7000000,0x00000044f7100000)]
  0x000001ac821d4800 JavaThread "Java2D Disposer" daemon [_thread_blocked, id=3032, stack(0x00000044f6f00000,0x00000044f7000000)]
  0x000001ac820d1800 JavaThread "Service Thread" daemon [_thread_blocked, id=3276, stack(0x00000044f6d00000,0x00000044f6e00000)]
  0x000001ac820ce000 JavaThread "C1 CompilerThread2" daemon [_thread_blocked, id=7248, stack(0x00000044f6c00000,0x00000044f6d00000)]
  0x000001ac820cd000 JavaThread "C2 CompilerThread1" daemon [_thread_blocked, id=7412, stack(0x00000044f6b00000,0x00000044f6c00000)]
  0x000001ac820cc800 JavaThread "C2 CompilerThread0" daemon [_thread_blocked, id=9304, stack(0x00000044f6900000,0x00000044f6a00000)]
  0x000001ac82113000 JavaThread "*** Profiler Agent Special Execution Thread 10" daemon [_thread_blocked, id=3316, stack(0x00000044f6a00000,0x00000044f6b00000)]
  0x000001ac82053000 JavaThread "*** Profiler Agent Special Execution Thread 6" daemon [_thread_blocked, id=5856, stack(0x00000044f6800000,0x00000044f6900000)]
  0x000001ac82052800 JavaThread "*** JFluid Monitor thread ***" daemon [_thread_blocked, id=9516, stack(0x00000044f6700000,0x00000044f6800000)]
=>0x000001ac81150800 JavaThread "*** Profiler Agent Communication Thread" daemon [_thread_in_vm, id=7576, stack(0x00000044f6600000,0x00000044f6700000)]
  0x000001ac8113a800 JavaThread "Attach Listener" daemon [_thread_blocked, id=7620, stack(0x00000044f6500000,0x00000044f6600000)]
  0x000001ac81139800 JavaThread "Signal Dispatcher" daemon [_thread_blocked, id=5048, stack(0x00000044f6400000,0x00000044f6500000)]
  0x000001aced19c800 JavaThread "Finalizer" daemon [_thread_blocked, id=1408, stack(0x00000044f6300000,0x00000044f6400000)]
  0x000001ac81116000 JavaThread "Reference Handler" daemon [_thread_blocked, id=4856, stack(0x00000044f6200000,0x00000044f6300000)]
  0x000001acecfd4800 JavaThread "main" [_thread_blocked, id=8724, stack(0x00000044f5c00000,0x00000044f5d00000)]

Other Threads:
  0x000001ac810f2800 VMThread [stack: 0x00000044f6100000,0x00000044f6200000] [id=2636]
  0x000001ac82258000 WatcherThread [stack: 0x00000044f6e00000,0x00000044f6f00000] [id=9560]

VM state:synchronizing (normal execution)

VM Mutex/Monitor currently owned by a thread:  ([mutex/lock_event])
[0x000001acecfd3e00] Threads_lock - owner thread: 0x000001ac810f2800

heap address: 0x00000000c2200000, size: 990 MB, Compressed Oops mode: 32-bit
Narrow klass base: 0x0000000000000000, Narrow klass shift: 3
Compressed class space size: 1073741824 Address: 0x0000000100000000

Heap:
 PSYoungGen      total 18432K, used 10395K [0x00000000eb600000, 0x00000000eca80000, 0x0000000100000000)
  eden space 15872K, 65% used [0x00000000eb600000,0x00000000ec026cc0,0x00000000ec580000)
  from space 2560K, 0% used [0x00000000ec800000,0x00000000ec800000,0x00000000eca80000)
  to   space 2560K, 0% used [0x00000000ec580000,0x00000000ec580000,0x00000000ec800000)
 ParOldGen       total 42496K, used 0K [0x00000000c2200000, 0x00000000c4b80000, 0x00000000eb600000)
  object space 42496K, 0% used [0x00000000c2200000,0x00000000c2200000,0x00000000c4b80000)
 Metaspace       used 13701K, capacity 13858K, committed 14080K, reserved 1060864K
  class space    used 1711K, capacity 1781K, committed 1792K, reserved 1048576K

Card table byte_map: [0x000001acfdd30000,0x000001acfdf20000] byte_map_base: 0x000001acfd71f000

Marking Bits: (ParMarkBitMap*) 0x0000000052604fb0
 Begin Bits: [0x000001acfe070000, 0x000001acfefe8000)
 End Bits:   [0x000001acfefe8000, 0x000001acfff60000)

Polling page: 0x000001acecf30000

CodeCache: size=245760Kb used=2003Kb max_used=2003Kb free=243756Kb
 bounds [0x000001acee970000, 0x000001aceebe0000, 0x000001acfd970000]
 total_blobs=995 nmethods=454 adapters=455
 compilation: enabled

Compilation events (10 events):
Event: 2.711 Thread 0x000001ac820ce000  450       3       sun.util.locale.LocaleUtils::isUpper (18 bytes)
Event: 2.711 Thread 0x000001ac820ce000 nmethod 450 0x000001aceeb63490 code [0x000001aceeb635e0, 0x000001aceeb637b8]
Event: 2.713 Thread 0x000001ac820ce000  451       3       sun.util.locale.LocaleUtils::toLower (17 bytes)
Event: 2.713 Thread 0x000001ac820ce000 nmethod 451 0x000001aceeb63010 code [0x000001aceeb63180, 0x000001aceeb633f8]
Event: 2.723 Thread 0x000001ac820ce000  452       3       java.io.Bits::getInt (43 bytes)
Event: 2.723 Thread 0x000001ac820ce000 nmethod 452 0x000001aceeb62b90 code [0x000001aceeb62d00, 0x000001aceeb62ed8]
Event: 2.723 Thread 0x000001ac820ce000  453       3       java.io.ObjectInputStream::readInt (8 bytes)
Event: 2.723 Thread 0x000001ac820ce000 nmethod 453 0x000001aceeb627d0 code [0x000001aceeb62940, 0x000001aceeb62ad0]
Event: 2.723 Thread 0x000001ac820ce000  454       3       java.io.ObjectInputStream$BlockDataInputStream::readInt (73 bytes)
Event: 2.724 Thread 0x000001ac820ce000 nmethod 454 0x000001aceeb65350 code [0x000001aceeb654e0, 0x000001aceeb65850]

GC Heap History (0 events):
No events

Deoptimization events (6 events):
Event: 2.316 Thread 0x000001acecfd4800 Uncommon trap: reason=unstable_if action=reinterpret pc=0x000001aceeb2bd48 method=java.lang.AbstractStringBuilder.append(Ljava/lang/String;)Ljava/lang/AbstractStringBuilder; @ 1
Event: 2.327 Thread 0x000001ac821d6800 Uncommon trap: reason=class_check action=maybe_recompile pc=0x000001aceeb40740 method=java.util.HashMap.putVal(ILjava/lang/Object;Ljava/lang/Object;ZZ)Ljava/lang/Object; @ 203
Event: 2.327 Thread 0x000001ac821d6800 Uncommon trap: reason=bimorphic action=maybe_recompile pc=0x000001aceeb40788 method=java.util.HashMap.putVal(ILjava/lang/Object;Ljava/lang/Object;ZZ)Ljava/lang/Object; @ 91
Event: 2.327 Thread 0x000001ac821d6800 Uncommon trap: reason=class_check action=maybe_recompile pc=0x000001aceeb40740 method=java.util.HashMap.putVal(ILjava/lang/Object;Ljava/lang/Object;ZZ)Ljava/lang/Object; @ 203
Event: 2.327 Thread 0x000001ac821d6800 Uncommon trap: reason=class_check action=maybe_recompile pc=0x000001aceeb40740 method=java.util.HashMap.putVal(ILjava/lang/Object;Ljava/lang/Object;ZZ)Ljava/lang/Object; @ 203
Event: 2.327 Thread 0x000001ac821d6800 Uncommon trap: reason=bimorphic action=maybe_recompile pc=0x000001aceeb40788 method=java.util.HashMap.putVal(ILjava/lang/Object;Ljava/lang/Object;ZZ)Ljava/lang/Object; @ 91

Classes redefined (0 events):
No events

Internal exceptions (10 events):
Event: 1.011 Thread 0x000001acecfd4800 Exception <a 'java/lang/ArrayIndexOutOfBoundsException': 49> (0x00000000eb9e5108) thrown at [C:\jenkins\workspace\8-2-build-windows-amd64-cygwin\jdk8u261\295\hotspot\src\share\vm\interpreter\interpreterRuntime.cpp, line 368]
Event: 1.030 Thread 0x000001acecfd4800 Exception <a 'java/lang/ArrayIndexOutOfBoundsException': 22> (0x00000000eba132f0) thrown at [C:\jenkins\workspace\8-2-build-windows-amd64-cygwin\jdk8u261\295\hotspot\src\share\vm\interpreter\interpreterRuntime.cpp, line 368]
Event: 1.030 Thread 0x000001acecfd4800 Exception <a 'java/lang/ArrayIndexOutOfBoundsException': 160> (0x00000000eba14ed8) thrown at [C:\jenkins\workspace\8-2-build-windows-amd64-cygwin\jdk8u261\295\hotspot\src\share\vm\interpreter\interpreterRuntime.cpp, line 368]
Event: 1.031 Thread 0x000001acecfd4800 Exception <a 'java/security/PrivilegedActionException'> (0x00000000eba169f0) thrown at [C:\jenkins\workspace\8-2-build-windows-amd64-cygwin\jdk8u261\295\hotspot\src\share\vm\prims\jvm.cpp, line 1512]
Event: 1.031 Thread 0x000001acecfd4800 Exception <a 'java/lang/ArrayIndexOutOfBoundsException': 22> (0x00000000eba179c8) thrown at [C:\jenkins\workspace\8-2-build-windows-amd64-cygwin\jdk8u261\295\hotspot\src\share\vm\interpreter\interpreterRuntime.cpp, line 368]
Event: 1.031 Thread 0x000001acecfd4800 Exception <a 'java/lang/ArrayIndexOutOfBoundsException': 22> (0x00000000eba18848) thrown at [C:\jenkins\workspace\8-2-build-windows-amd64-cygwin\jdk8u261\295\hotspot\src\share\vm\interpreter\interpreterRuntime.cpp, line 368]
Event: 1.032 Thread 0x000001acecfd4800 Exception <a 'java/lang/ArrayIndexOutOfBoundsException': 22> (0x00000000eba1bb18) thrown at [C:\jenkins\workspace\8-2-build-windows-amd64-cygwin\jdk8u261\295\hotspot\src\share\vm\interpreter\interpreterRuntime.cpp, line 368]
Event: 1.769 Thread 0x000001acecfd4800 Exception <a 'java/io/FileNotFoundException'> (0x00000000eba3a868) thrown at [C:\jenkins\workspace\8-2-build-windows-amd64-cygwin\jdk8u261\295\hotspot\src\share\vm\prims\jni.cpp, line 710]
Event: 1.852 Thread 0x000001acecfd4800 Exception <a 'java/io/FileNotFoundException'> (0x00000000ebd6ca48) thrown at [C:\jenkins\workspace\8-2-build-windows-amd64-cygwin\jdk8u261\295\hotspot\src\share\vm\prims\jni.cpp, line 710]
Event: 2.316 Thread 0x000001acecfd4800 Implicit null exception at 0x000001aceeb2b996 to 0x000001aceeb2bd31

Events (10 events):
Event: 2.711 loading class sun/util/locale/StringTokenIterator done
Event: 2.711 loading class sun/util/locale/InternalLocaleBuilder
Event: 2.711 loading class sun/util/locale/InternalLocaleBuilder done
Event: 2.711 loading class sun/util/locale/InternalLocaleBuilder$CaseInsensitiveChar
Event: 2.711 loading class sun/util/locale/InternalLocaleBuilder$CaseInsensitiveChar done
Event: 2.713 loading class javax/swing/text/JTextComponent$InputMethodRequestsHandler
Event: 2.714 Executing VM operation: GetAllStackTraces
Event: 2.715 Executing VM operation: GetAllStackTraces done
Event: 2.723 loading class org/netbeans/lib/profiler/wireprotocol/GetMethodNamesForJMethodIdsCommand done
Event: 2.724 Executing VM operation: GetAllStackTraces


Dynamic libraries:
0x00007ff716300000 - 0x00007ff716347000 	C:\Program Files\Java\jdk1.8.0_261\bin\java.exe
0x00007ff9ecd40000 - 0x00007ff9ecf30000 	C:\WINDOWS\SYSTEM32\ntdll.dll
0x00007ff9bdad0000 - 0x00007ff9bdae5000 	C:\Program Files\AVAST Software\Avast\aswhook.dll
0x00007ff9eb560000 - 0x00007ff9eb612000 	C:\WINDOWS\System32\KERNEL32.DLL
0x00007ff9e9f70000 - 0x00007ff9ea215000 	C:\WINDOWS\System32\KERNELBASE.dll
0x00007ff9ea7e0000 - 0x00007ff9ea883000 	C:\WINDOWS\System32\ADVAPI32.dll
0x00007ff9eab60000 - 0x00007ff9eabfe000 	C:\WINDOWS\System32\msvcrt.dll
0x00007ff9ea600000 - 0x00007ff9ea697000 	C:\WINDOWS\System32\sechost.dll
0x00007ff9eac90000 - 0x00007ff9eadaf000 	C:\WINDOWS\System32\RPCRT4.dll
0x00007ff9ea460000 - 0x00007ff9ea5f4000 	C:\WINDOWS\System32\USER32.dll
0x00007ff9ea430000 - 0x00007ff9ea451000 	C:\WINDOWS\System32\win32u.dll
0x00007ff9eaad0000 - 0x00007ff9eaaf6000 	C:\WINDOWS\System32\GDI32.dll
0x00007ff9e9cd0000 - 0x00007ff9e9e68000 	C:\WINDOWS\System32\gdi32full.dll
0x00007ff9e9c30000 - 0x00007ff9e9cce000 	C:\WINDOWS\System32\msvcp_win.dll
0x00007ff9e9e70000 - 0x00007ff9e9f6a000 	C:\WINDOWS\System32\ucrtbase.dll
0x00007ff9d4ff0000 - 0x00007ff9d5274000 	C:\WINDOWS\WinSxS\amd64_microsoft.windows.common-controls_6595b64144ccf1df_6.0.18362.1556_none_9e7e372fe45e41d5\COMCTL32.dll
0x00007ff9ec420000 - 0x00007ff9ec756000 	C:\WINDOWS\System32\combase.dll
0x00007ff9e9ba0000 - 0x00007ff9e9c21000 	C:\WINDOWS\System32\bcryptPrimitives.dll
0x00007ff9ea890000 - 0x00007ff9ea8be000 	C:\WINDOWS\System32\IMM32.DLL
0x00007ff9e7360000 - 0x00007ff9e7375000 	C:\Program Files\Java\jdk1.8.0_261\jre\bin\vcruntime140.dll
0x00007ff9d8ea0000 - 0x00007ff9d8f3b000 	C:\Program Files\Java\jdk1.8.0_261\jre\bin\msvcp140.dll
0x0000000051e10000 - 0x000000005267c000 	C:\Program Files\Java\jdk1.8.0_261\jre\bin\server\jvm.dll
0x00007ff9ec830000 - 0x00007ff9ec838000 	C:\WINDOWS\System32\PSAPI.DLL
0x00007ff9e72c0000 - 0x00007ff9e72e4000 	C:\WINDOWS\SYSTEM32\WINMM.dll
0x00007ff9e0910000 - 0x00007ff9e0919000 	C:\WINDOWS\SYSTEM32\WSOCK32.dll
0x00007ff9e2fc0000 - 0x00007ff9e2fca000 	C:\WINDOWS\SYSTEM32\VERSION.dll
0x00007ff9ecc20000 - 0x00007ff9ecc8f000 	C:\WINDOWS\System32\WS2_32.dll
0x00007ff9e7290000 - 0x00007ff9e72bd000 	C:\WINDOWS\SYSTEM32\winmmbase.dll
0x00007ff9ea380000 - 0x00007ff9ea3ca000 	C:\WINDOWS\System32\cfgmgr32.dll
0x00007ff9e9270000 - 0x00007ff9e9281000 	C:\WINDOWS\System32\kernel.appcore.dll
0x00007ff9e72f0000 - 0x00007ff9e7300000 	C:\Program Files\Java\jdk1.8.0_261\jre\bin\verify.dll
0x00007ff9e5b00000 - 0x00007ff9e5b2b000 	C:\Program Files\Java\jdk1.8.0_261\jre\bin\java.dll
0x00007ff9e0390000 - 0x00007ff9e039f000 	C:\Program Files\NetBeans 8.2\profiler\lib\deployed\jdk16\windows-amd64\profilerinterface.dll
0x00007ff9e62e0000 - 0x00007ff9e62f8000 	C:\Program Files\Java\jdk1.8.0_261\jre\bin\zip.dll
0x00007ff9ebd30000 - 0x00007ff9ec417000 	C:\WINDOWS\System32\SHELL32.dll
0x00007ff9ea8c0000 - 0x00007ff9ea968000 	C:\WINDOWS\System32\shcore.dll
0x00007ff9e9420000 - 0x00007ff9e9b9b000 	C:\WINDOWS\System32\windows.storage.dll
0x00007ff9e9300000 - 0x00007ff9e931e000 	C:\WINDOWS\System32\profapi.dll
0x00007ff9e92b0000 - 0x00007ff9e92fa000 	C:\WINDOWS\System32\powrprof.dll
0x00007ff9e9260000 - 0x00007ff9e9270000 	C:\WINDOWS\System32\UMPDC.dll
0x00007ff9ecbc0000 - 0x00007ff9ecc12000 	C:\WINDOWS\System32\shlwapi.dll
0x00007ff9e93d0000 - 0x00007ff9e93e7000 	C:\WINDOWS\System32\cryptsp.dll
0x00007ff9e5a80000 - 0x00007ff9e5a9c000 	C:\Program Files\Java\jdk1.8.0_261\jre\bin\net.dll
0x00007ff9e8aa0000 - 0x00007ff9e8b07000 	C:\WINDOWS\system32\mswsock.dll
0x00007ff9e5a70000 - 0x00007ff9e5a7d000 	C:\Program Files\Java\jdk1.8.0_261\jre\bin\management.dll
0x00007ff9e03a0000 - 0x00007ff9e03b3000 	C:\Program Files\Java\jdk1.8.0_261\jre\bin\nio.dll
0x00007ff9e85c0000 - 0x00007ff9e85f3000 	C:\WINDOWS\system32\rsaenh.dll
0x00007ff9e93f0000 - 0x00007ff9e9416000 	C:\WINDOWS\System32\bcrypt.dll
0x00007ff9e9180000 - 0x00007ff9e91a5000 	C:\WINDOWS\SYSTEM32\USERENV.dll
0x00007ff9e8c70000 - 0x00007ff9e8c7c000 	C:\WINDOWS\SYSTEM32\CRYPTBASE.dll
0x00007ff9e87b0000 - 0x00007ff9e87ea000 	C:\WINDOWS\SYSTEM32\IPHLPAPI.DLL
0x00007ff9eac80000 - 0x00007ff9eac88000 	C:\WINDOWS\System32\NSI.dll
0x00007ff9e2220000 - 0x00007ff9e2236000 	C:\WINDOWS\SYSTEM32\dhcpcsvc6.DLL
0x00007ff9e2310000 - 0x00007ff9e232c000 	C:\WINDOWS\SYSTEM32\dhcpcsvc.DLL
0x00007ff9e87f0000 - 0x00007ff9e88bb000 	C:\WINDOWS\SYSTEM32\DNSAPI.dll
0x00007ff9d9620000 - 0x00007ff9d97b4000 	C:\Program Files\Java\jdk1.8.0_261\jre\bin\awt.dll
0x00007ff9ec760000 - 0x00007ff9ec825000 	C:\WINDOWS\System32\OLEAUT32.dll
0x00007ff9e73c0000 - 0x00007ff9e744f000 	C:\WINDOWS\SYSTEM32\apphelp.dll
0x00007ff9e7530000 - 0x00007ff9e75c9000 	C:\WINDOWS\system32\uxtheme.dll
0x00007ff9ea6a0000 - 0x00007ff9ea7d5000 	C:\WINDOWS\System32\MSCTF.dll
0x00007ff9ea970000 - 0x00007ff9eaac7000 	C:\WINDOWS\System32\ole32.dll
0x00007ff9e7670000 - 0x00007ff9e769d000 	C:\WINDOWS\system32\DWMAPI.DLL
0x00007ff9d9560000 - 0x00007ff9d95a9000 	C:\Program Files\Java\jdk1.8.0_261\jre\bin\fontmanager.dll
0x00007ff9c92b0000 - 0x00007ff9c9406000 	C:\WINDOWS\system32\opengl32.dll
0x00007ff9dd7a0000 - 0x00007ff9dd7cc000 	C:\WINDOWS\SYSTEM32\GLU32.dll
0x00007ff9e7ea0000 - 0x00007ff9e7ec0000 	C:\WINDOWS\SYSTEM32\dxcore.dll
0x00007ff9b8df0000 - 0x00007ff9b8fb7000 	C:\WINDOWS\system32\d3d9.dll
0x00007ff9e3040000 - 0x00007ff9e31a7000 	C:\WINDOWS\SYSTEM32\aticfx64.dll
0x00007ff9dd650000 - 0x00007ff9dd671000 	C:\WINDOWS\SYSTEM32\atiu9p64.dll
0x00007ff9b68a0000 - 0x00007ff9b70f9000 	C:\WINDOWS\SYSTEM32\atiumd64.dll
0x00000000514a0000 - 0x0000000051d28000 	C:\WINDOWS\SYSTEM32\atiumd6a.dll
0x00007ff9d8e50000 - 0x00007ff9d8e93000 	C:\Program Files\Java\jdk1.8.0_261\jre\bin\t2k.dll
0x00007ff9ec840000 - 0x00007ff9ec8e2000 	C:\WINDOWS\System32\clbcatq.dll
0x00007ff9e4c40000 - 0x00007ff9e4def000 	C:\WINDOWS\SYSTEM32\WindowsCodecs.dll
0x00007ff9c73c0000 - 0x00007ff9c73fb000 	C:\WINDOWS\system32\dataexchange.dll
0x00007ff9e6760000 - 0x00007ff9e69bb000 	C:\WINDOWS\system32\d3d11.dll
0x00007ff9e69c0000 - 0x00007ff9e6b9d000 	C:\WINDOWS\system32\dcomp.dll
0x00007ff9e7f30000 - 0x00007ff9e801b000 	C:\WINDOWS\system32\dxgi.dll
0x00007ff9e7760000 - 0x00007ff9e79ba000 	C:\WINDOWS\system32\twinapi.appcore.dll
0x00007ff9e7b90000 - 0x00007ff9e7bb9000 	C:\WINDOWS\system32\RMCLIENT.dll
0x00007ff9dfec0000 - 0x00007ff9dff5b000 	C:\WINDOWS\System32\TextInputFramework.dll
0x00007ff9e6c30000 - 0x00007ff9e6d04000 	C:\WINDOWS\System32\CoreMessaging.dll
0x00007ff9e4ff0000 - 0x00007ff9e531a000 	C:\WINDOWS\System32\CoreUIComponents.dll
0x00007ff9e4e20000 - 0x00007ff9e4f72000 	C:\WINDOWS\SYSTEM32\wintypes.dll
0x00007ff9e82a0000 - 0x00007ff9e82d1000 	C:\WINDOWS\SYSTEM32\ntmarta.dll
0x00007ff9e17f0000 - 0x00007ff9e19e4000 	C:\WINDOWS\SYSTEM32\dbghelp.dll

VM Arguments:
jvm_args: -Dfile.encoding=UTF-8 -agentpath:C:/Program Files/NetBeans 8.2/profiler/lib/deployed/jdk16/windows-amd64/profilerinterface.dll=C:\Program Files\NetBeans 8.2\profiler\lib,5140,10 -XX:+HeapDumpOnOutOfMemoryError -XX:HeapDumpPath=C:\Users\USER\Documents\NetBeansProjects\Practica_Algoritmos\nbproject\private\profiler 
java_command: clases.Metodos
java_class_path (initial): C:\Users\USER\Documents\NetBeansProjects\Practica_Algoritmos\build\classes
Launcher Type: SUN_STANDARD

Environment Variables:
PATH=C:\Program Files (x86)\Common Files\Oracle\Java\javapath;C:\Program Files\Common Files\Microsoft Shared\Windows Live;C:\WINDOWS\system32;C:\WINDOWS;C:\WINDOWS\System32\Wbem;C:\WINDOWS\System32\WindowsPowerShell\v1.0\;C:\WINDOWS\System32\OpenSSH\;C:\Program Files (x86)\ATI Technologies\ATI.ACE\Core-Static;C:\Program Files\Java\jdk1.8.0_261\bin;C:\Program Files\Git\cmd;C:\Program Files\nodejs\;C:\Program Files\MySQL\MySQL Shell 8.0\bin\;C:\Users\USER\AppData\Local\Programs\Python\Python38-32\Scripts\;C:\Users\USER\AppData\Local\Programs\Python\Python38-32\;C:\Program Files\Common Files\Microsoft Shared\Windows Live;C:\Users\USER\AppData\Local\Microsoft\WindowsApps;C:\Users\USER\AppData\Local\Programs\Microsoft VS Code\bin;C:\Users\USER\AppData\Roaming\npm;C:\Program Files\heroku\bin;C:\Program Files\MongoDB\Server\4.4\bin;
USERNAME=USER
OS=Windows_NT
PROCESSOR_IDENTIFIER=Intel64 Family 6 Model 37 Stepping 5, GenuineIntel



---------------  S Y S T E M  ---------------

OS: Windows 10.0 , 64 bit Build 18362 (10.0.18362.1500)

CPU:total 4 (initial active 4) (2 cores per cpu, 2 threads per core) family 6 model 37 stepping 5, cmov, cx8, fxsr, mmx, sse, sse2, sse3, ssse3, sse4.1, sse4.2, popcnt, ht, tsc, tscinvbit

Memory: 4k page, physical 4052372k(430952k free), swap 8115604k(3309228k free)

vm_info: Java HotSpot(TM) 64-Bit Server VM (25.261-b12) for windows-amd64 JRE (1.8.0_261-b12), built on Jun 18 2020 06:56:32 by "" with unknown MS VC++:1916

time: Mon Aug  9 11:45:15 2021
timezone: Hora estándar de Paraguay
elapsed time: 3 seconds (0d 0h 0m 3s)

